<?xml version="1.0" encoding="UTF-8"?>
<coverage generated="1626622740279" clover="3.2.0">
  <project timestamp="1626622740279" name="All files">
    <metrics statements="31" coveredstatements="15" conditionals="8" coveredconditionals="6" methods="7" coveredmethods="2" elements="46" coveredelements="23" complexity="0" loc="31" ncloc="31" packages="1" files="1" classes="1"/>
    <file name="Main.js" path="/home/blackgaze/Documents/IdeaProjects/JS/src/Main.js">
      <metrics statements="31" coveredstatements="15" conditionals="8" coveredconditionals="6" methods="7" coveredmethods="2"/>
      <line num="1" count="1" type="stmt"/>
      <line num="3" count="1" type="stmt"/>
      <line num="5" count="1" type="stmt"/>
      <line num="6" count="1" type="stmt"/>
      <line num="7" count="1" type="stmt"/>
      <line num="9" count="1" type="stmt"/>
      <line num="10" count="1" type="stmt"/>
      <line num="13" count="0" type="stmt"/>
      <line num="19" count="0" type="stmt"/>
      <line num="20" count="0" type="stmt"/>
      <line num="21" count="0" type="stmt"/>
      <line num="22" count="0" type="stmt"/>
      <line num="29" count="0" type="stmt"/>
      <line num="30" count="0" type="stmt"/>
      <line num="31" count="0" type="stmt"/>
      <line num="32" count="0" type="stmt"/>
      <line num="34" count="0" type="stmt"/>
      <line num="43" count="0" type="stmt"/>
      <line num="45" count="1" type="stmt"/>
      <line num="49" count="0" type="stmt"/>
      <line num="50" count="0" type="stmt"/>
      <line num="56" count="2" type="cond" truecount="3" falsecount="1"/>
      <line num="57" count="0" type="stmt"/>
      <line num="59" count="2" type="stmt"/>
      <line num="60" count="4" type="cond" truecount="2" falsecount="0"/>
      <line num="61" count="2" type="stmt"/>
      <line num="63" count="0" type="stmt"/>
      <line num="67" count="2" type="stmt"/>
      <line num="68" count="2" type="cond" truecount="1" falsecount="1"/>
      <line num="70" count="0" type="stmt"/>
      <line num="72" count="1" type="stmt"/>
    </file>
  </project>
</coverage>
