{"/home/blackgaze/Documents/IdeaProjects/JS/src/Main.js": {"path":"/home/blackgaze/Documents/IdeaProjects/JS/src/Main.js","statementMap":{"0":{"start":{"line":1,"column":15},"end":{"line":1,"column":32}},"1":{"start":{"line":3,"column":11},"end":{"line":3,"column":23}},"2":{"start":{"line":5,"column":14},"end":{"line":5,"column":41}},"3":{"start":{"line":6,"column":0},"end":{"line":6,"column":25}},"4":{"start":{"line":7,"column":12},"end":{"line":7,"column":20}},"5":{"start":{"line":9,"column":12},"end":{"line":9,"column":53}},"6":{"start":{"line":10,"column":0},"end":{"line":10,"column":18}},"7":{"start":{"line":13,"column":4},"end":{"line":13,"column":75}},"8":{"start":{"line":19,"column":15},"end":{"line":19,"column":17}},"9":{"start":{"line":20,"column":19},"end":{"line":20,"column":60}},"10":{"start":{"line":21,"column":21},"end":{"line":21,"column":36}},"11":{"start":{"line":22,"column":4},"end":{"line":22,"column":59}},"12":{"start":{"line":29,"column":14},"end":{"line":29,"column":53}},"13":{"start":{"line":30,"column":14},"end":{"line":30,"column":16}},"14":{"start":{"line":31,"column":4},"end":{"line":33,"column":5}},"15":{"start":{"line":31,"column":15},"end":{"line":31,"column":29}},"16":{"start":{"line":32,"column":8},"end":{"line":32,"column":22}},"17":{"start":{"line":34,"column":4},"end":{"line":34,"column":51}},"18":{"start":{"line":43,"column":4},"end":{"line":43,"column":17}},"19":{"start":{"line":45,"column":0},"end":{"line":45,"column":21}},"20":{"start":{"line":49,"column":4},"end":{"line":51,"column":5}},"21":{"start":{"line":50,"column":8},"end":{"line":50,"column":21}},"22":{"start":{"line":56,"column":4},"end":{"line":57,"column":20}},"23":{"start":{"line":57,"column":8},"end":{"line":57,"column":20}},"24":{"start":{"line":59,"column":4},"end":{"line":61,"column":25}},"25":{"start":{"line":59,"column":17},"end":{"line":59,"column":18}},"26":{"start":{"line":60,"column":8},"end":{"line":61,"column":25}},"27":{"start":{"line":61,"column":12},"end":{"line":61,"column":25}},"28":{"start":{"line":63,"column":4},"end":{"line":63,"column":16}},"29":{"start":{"line":67,"column":4},"end":{"line":69,"column":5}},"30":{"start":{"line":68,"column":8},"end":{"line":68,"column":62}},"31":{"start":{"line":68,"column":49},"end":{"line":68,"column":62}},"32":{"start":{"line":70,"column":4},"end":{"line":70,"column":16}},"33":{"start":{"line":72,"column":0},"end":{"line":72,"column":29}}},"fnMap":{"0":{"name":"changeP","decl":{"start":{"line":12,"column":9},"end":{"line":12,"column":16}},"loc":{"start":{"line":12,"column":21},"end":{"line":14,"column":1}},"line":12},"1":{"name":"updater","decl":{"start":{"line":18,"column":9},"end":{"line":18,"column":16}},"loc":{"start":{"line":18,"column":20},"end":{"line":23,"column":1}},"line":18},"2":{"name":"reverser","decl":{"start":{"line":28,"column":9},"end":{"line":28,"column":17}},"loc":{"start":{"line":28,"column":20},"end":{"line":35,"column":1}},"line":28},"3":{"name":"sum","decl":{"start":{"line":42,"column":9},"end":{"line":42,"column":12}},"loc":{"start":{"line":42,"column":19},"end":{"line":44,"column":1}},"line":42},"4":{"name":"sortMapValues","decl":{"start":{"line":48,"column":9},"end":{"line":48,"column":22}},"loc":{"start":{"line":48,"column":28},"end":{"line":52,"column":1}},"line":48},"5":{"name":"arrayIsSorted","decl":{"start":{"line":55,"column":9},"end":{"line":55,"column":22}},"loc":{"start":{"line":55,"column":31},"end":{"line":64,"column":1}},"line":55},"6":{"name":"mapIsSorted","decl":{"start":{"line":66,"column":9},"end":{"line":66,"column":20}},"loc":{"start":{"line":66,"column":26},"end":{"line":71,"column":1}},"line":66}},"branchMap":{"0":{"loc":{"start":{"line":56,"column":4},"end":{"line":57,"column":20}},"type":"if","locations":[{"start":{"line":56,"column":4},"end":{"line":57,"column":20}},{"start":{"line":56,"column":4},"end":{"line":57,"column":20}}],"line":56},"1":{"loc":{"start":{"line":56,"column":8},"end":{"line":56,"column":24}},"type":"binary-expr","locations":[{"start":{"line":56,"column":8},"end":{"line":56,"column":14}},{"start":{"line":56,"column":18},"end":{"line":56,"column":24}}],"line":56},"2":{"loc":{"start":{"line":60,"column":8},"end":{"line":61,"column":25}},"type":"if","locations":[{"start":{"line":60,"column":8},"end":{"line":61,"column":25}},{"start":{"line":60,"column":8},"end":{"line":61,"column":25}}],"line":60},"3":{"loc":{"start":{"line":68,"column":8},"end":{"line":68,"column":62}},"type":"if","locations":[{"start":{"line":68,"column":8},"end":{"line":68,"column":62}},{"start":{"line":68,"column":8},"end":{"line":68,"column":62}}],"line":68}},"s":{"0":1,"1":1,"2":1,"3":1,"4":1,"5":1,"6":1,"7":0,"8":0,"9":0,"10":0,"11":0,"12":0,"13":0,"14":0,"15":0,"16":0,"17":0,"18":0,"19":1,"20":0,"21":0,"22":2,"23":0,"24":2,"25":2,"26":4,"27":2,"28":0,"29":2,"30":2,"31":2,"32":0,"33":1},"f":{"0":0,"1":0,"2":0,"3":0,"4":0,"5":2,"6":2},"b":{"0":[0,2],"1":[2,2],"2":[2,2],"3":[2,0]},"_coverageSchema":"1a1c01bbd47fc00a2c39e90264f33305004495a9","hash":"7233e6b9f0f934aefa76fd232ef83c289eb93c6d"}
}
