TN:
SF:src/Main.js
FN:12,changeP
FN:18,updater
FN:28,reverser
FN:42,sum
FN:48,sortMapValues
FN:55,arrayIsSorted
FN:66,mapIsSorted
FNF:7
FNH:2
FNDA:0,changeP
FNDA:0,updater
FNDA:0,reverser
FNDA:0,sum
FNDA:0,sortMapValues
FNDA:2,arrayIsSorted
FNDA:2,mapIsSorted
DA:1,1
DA:3,1
DA:5,1
DA:6,1
DA:7,1
DA:9,1
DA:10,1
DA:13,0
DA:19,0
DA:20,0
DA:21,0
DA:22,0
DA:29,0
DA:30,0
DA:31,0
DA:32,0
DA:34,0
DA:43,0
DA:45,1
DA:49,0
DA:50,0
DA:56,2
DA:57,0
DA:59,2
DA:60,4
DA:61,2
DA:63,0
DA:67,2
DA:68,2
DA:70,0
DA:72,1
LF:31
LH:15
BRDA:56,0,0,0
BRDA:56,0,1,2
BRDA:56,1,0,2
BRDA:56,1,1,2
BRDA:60,2,0,2
BRDA:60,2,1,2
BRDA:68,3,0,2
BRDA:68,3,1,0
BRF:8
BRH:6
end_of_record
